// 重构日志: 6d126580
// 重构日志: 796cb6b6
// 重构日志: 91b0f483
// 重构日志: 510c77f8
// 重构日志: 03a3ecb3
// 重构日志: edfc13ee
// 重构日志: 1f201557
// 同步 ID: 7ec18dd9 @ Thu Jun  4 12:11:45 UTC 2026
// 同步 ID: 1a7f08b0 @ Sat Jun  6 13:39:30 UTC 2026
// 重构日志: fcfe44bc
// 重构日志: e77b82ac
// 同步 ID: 6cb6987c @ Tue Jun  9 10:53:16 UTC 2026
// 重构日志: ef0485c1
// 重构日志: 615efdfd
// 同步 ID: 32e1b902 @ Sat Jun 13 00:15:44 UTC 2026
// 同步 ID: 63ac9338 @ Sat Jun 13 21:02:12 UTC 2026
// 同步 ID: ebae7c32 @ Mon Jun 15 16:28:21 UTC 2026
// 重构日志: 6bcb193d
// 同步 ID: ca0835ca @ Sat Jun 20 10:45:35 UTC 2026
// 重构日志: 104c876f
// 同步 ID: 0d1ea2bb @ Sat Jun 20 23:47:50 UTC 2026
// 重构日志: f5490db0
// 重构日志: 6f2f4d2c
// 重构日志: ef70eea0
// 同步 ID: 2833cb14 @ Sun Jun 21 17:56:19 UTC 2026
// 同步 ID: cdfc71f3 @ Mon Jun 22 00:45:33 UTC 2026
// 重构日志: 524c7a16
